<?xml version="1.0" encoding="UTF-8"?>
<testng-results skipped="0" failed="1" ignored="0" total="1" passed="0">
  <reporter-output>
  </reporter-output>
  <suite name="Default suite" duration-ms="716" started-at="2020-07-29T13:31:00 IST" finished-at="2020-07-29T13:31:01 IST">
    <groups>
      <group name="cucumber">
        <method signature="AbstractTestNGCucumberTests.runScenario(io.cucumber.testng.PickleWrapper, io.cucumber.testng.FeatureWrapper)[pri:0, instance:testRunner.RunCucumberFeature@9a7504c]" name="runScenario" class="io.cucumber.testng.AbstractTestNGCucumberTests"/>
      </group> <!-- cucumber -->
    </groups>
    <test name="Default test" duration-ms="716" started-at="2020-07-29T13:31:00 IST" finished-at="2020-07-29T13:31:01 IST">
      <class name="testRunner.RunCucumberFeature">
        <test-method status="PASS" signature="setUpClass()[pri:0, instance:testRunner.RunCucumberFeature@9a7504c]" name="setUpClass" is-config="true" duration-ms="321" started-at="2020-07-29T13:31:00 IST" finished-at="2020-07-29T13:31:01 IST">
          <reporter-output>
          </reporter-output>
        </test-method> <!-- setUpClass -->
        <test-method status="FAIL" signature="runScenario(io.cucumber.testng.PickleWrapper, io.cucumber.testng.FeatureWrapper)[pri:0, instance:testRunner.RunCucumberFeature@9a7504c]" name="runScenario" duration-ms="168" started-at="2020-07-29T13:31:01 IST" description="Runs Cucumber Scenarios" data-provider="scenarios" finished-at="2020-07-29T13:31:01 IST">
          <params>
            <param index="0">
              <value>
                <![CDATA["dealer list is retured"]]>
              </value>
            </param>
            <param index="1">
              <value>
                <![CDATA["API to fetch dealer list by City code (city group)"]]>
              </value>
            </param>
          </params>
          <exception class="io.cucumber.cucumberexpressions.CucumberExpressionException">
            <message>
              <![CDATA[You cannot use anchors (^ or $) in Cucumber Expressions. Please remove them from ^dealer list should be fetched by cityGroupId {int}$]]>
            </message>
            <full-stacktrace>
              <![CDATA[io.cucumber.cucumberexpressions.CucumberExpressionException: You cannot use anchors (^ or $) in Cucumber Expressions. Please remove them from ^dealer list should be fetched by cityGroupId {int}$
at io.cucumber.cucumberexpressions.ExpressionFactory.createRegularExpressionWithAnchors(ExpressionFactory.java:42)
at io.cucumber.cucumberexpressions.ExpressionFactory.createExpression(ExpressionFactory.java:28)
at io.cucumber.core.stepexpression.StepExpressionFactory.createExpression(StepExpressionFactory.java:55)
at io.cucumber.core.runner.CoreStepDefinition.createExpression(CoreStepDefinition.java:40)
at io.cucumber.core.runner.CoreStepDefinition.<init>(CoreStepDefinition.java:28)
at io.cucumber.core.runner.CachingGlue.lambda$prepareGlue$4(CachingGlue.java:215)
at java.util.ArrayList.forEach(Unknown Source)
at io.cucumber.core.runner.CachingGlue.prepareGlue(CachingGlue.java:214)
at io.cucumber.core.runner.Runner.runPickle(Runner.java:63)
at io.cucumber.testng.TestNGCucumberRunner.runScenario(TestNGCucumberRunner.java:120)
at io.cucumber.testng.AbstractTestNGCucumberTests.runScenario(AbstractTestNGCucumberTests.java:29)
at sun.reflect.NativeMethodAccessorImpl.invoke0(Native Method)
at sun.reflect.NativeMethodAccessorImpl.invoke(Unknown Source)
at sun.reflect.DelegatingMethodAccessorImpl.invoke(Unknown Source)
at java.lang.reflect.Method.invoke(Unknown Source)
at org.testng.internal.MethodInvocationHelper.invokeMethod(MethodInvocationHelper.java:134)
at org.testng.internal.TestInvoker.invokeMethod(TestInvoker.java:597)
at org.testng.internal.TestInvoker.invokeTestMethod(TestInvoker.java:173)
at org.testng.internal.MethodRunner.runInSequence(MethodRunner.java:46)
at org.testng.internal.TestInvoker$MethodInvocationAgent.invoke(TestInvoker.java:816)
at org.testng.internal.TestInvoker.invokeTestMethods(TestInvoker.java:146)
at org.testng.internal.TestMethodWorker.invokeTestMethods(TestMethodWorker.java:146)
at org.testng.internal.TestMethodWorker.run(TestMethodWorker.java:128)
at java.util.ArrayList.forEach(Unknown Source)
at org.testng.TestRunner.privateRun(TestRunner.java:766)
at org.testng.TestRunner.run(TestRunner.java:587)
at org.testng.SuiteRunner.runTest(SuiteRunner.java:384)
at org.testng.SuiteRunner.runSequentially(SuiteRunner.java:378)
at org.testng.SuiteRunner.privateRun(SuiteRunner.java:337)
at org.testng.SuiteRunner.run(SuiteRunner.java:286)
at org.testng.SuiteRunnerWorker.runSuite(SuiteRunnerWorker.java:53)
at org.testng.SuiteRunnerWorker.run(SuiteRunnerWorker.java:96)
at org.testng.TestNG.runSuitesSequentially(TestNG.java:1187)
at org.testng.TestNG.runSuitesLocally(TestNG.java:1109)
at org.testng.TestNG.runSuites(TestNG.java:1039)
at org.testng.TestNG.run(TestNG.java:1007)
at org.testng.remote.AbstractRemoteTestNG.run(AbstractRemoteTestNG.java:115)
at org.testng.remote.RemoteTestNG.initAndRun(RemoteTestNG.java:251)
at org.testng.remote.RemoteTestNG.main(RemoteTestNG.java:77)
Caused by: java.util.regex.PatternSyntaxException: Illegal repetition near index 45
^dealer list should be fetched by cityGroupId {int}$
                                             ^
at java.util.regex.Pattern.error(Unknown Source)
at java.util.regex.Pattern.closure(Unknown Source)
at java.util.regex.Pattern.sequence(Unknown Source)
at java.util.regex.Pattern.expr(Unknown Source)
at java.util.regex.Pattern.compile(Unknown Source)
at java.util.regex.Pattern.<init>(Unknown Source)
at java.util.regex.Pattern.compile(Unknown Source)
at io.cucumber.cucumberexpressions.ExpressionFactory.createRegularExpressionWithAnchors(ExpressionFactory.java:39)
... 38 more
]]>
            </full-stacktrace>
          </exception> <!-- io.cucumber.cucumberexpressions.CucumberExpressionException -->
          <reporter-output>
          </reporter-output>
        </test-method> <!-- runScenario -->
        <test-method status="PASS" signature="tearDownClass()[pri:0, instance:testRunner.RunCucumberFeature@9a7504c]" name="tearDownClass" is-config="true" duration-ms="7" started-at="2020-07-29T13:31:01 IST" finished-at="2020-07-29T13:31:01 IST">
          <reporter-output>
          </reporter-output>
        </test-method> <!-- tearDownClass -->
      </class> <!-- testRunner.RunCucumberFeature -->
    </test> <!-- Default test -->
  </suite> <!-- Default suite -->
</testng-results>
